2025-09-05 09:44:47,461 - FEEDBACK: message_id='af989a42-2c19-4fc6-b2a4-4f973574644b', type='negative', question='Who are the involved parties?', answer='Based on the extracted entities, the involved parties are:

* EIT Manufacturing
* ………………………...', context=''
2025-09-05 10:51:06,888 - FEEDBACK: message_id='61115767-3398-44f2-b278-0af9c54d6877', type='positive', question='What is this contract about?', answer='**Direct Answer:** This contract is a Non-Disclosure Agreement (NDA) between two parties: EIT Manufa...', context='th
,
9. Without prejudice to point 4., this Agreement shall remain in effect until April 30
Duration.
2024.
Both
10. . This agreement shall be governed by French law.
Applicable law and Jurisdiction
Parties agree to first endeavor to settle amicably any dispute arising from the execution or
interpretation of this agreement, by involving their appropriate management functions. Any
disagreement or dispute which may arise in connection with this agreement and which the
Parties are unable to settle amicably will be brought before the courts of Paris, France.
This Agreement and each party's obligations shall be binding on the representatives, assigns
and successors of such party. Each party has signed this Agreement through its authorized
representative. This agreement may be signed by electronic means using electronic signature.
On behalf of the Company On behalf of the Recipient
Read and agreed, Read and agreed,

On [date] _________________, On _____________________,

in [place] ______________________ in [place] _________________

Signature: Signatures:







Page 2 of 2
---
3. . Recipient shall hold and maintain the Confidential Information in
Obligations of Recipient
strictest confidence for the sole and exclusive benefit of the Company and the other entities
involved in the Meeting. Recipient shall not, without the prior written approval of Company, use
for Recipient's benefit, publish, copy, or otherwise disclose to others, or permit the use by others
for their benefit or to the detriment of Company or other entities involved in the Meeting, any
Confidential Information. Recipient shall destroy or return to Company any and all records,
notes, and other written, printed, or tangible materials in its possession pertaining to
Confidential Information immediately upon Company’s request.

Page 1 of 2
---
1. . For purposes of this Agreement, "Confidential
Definition of Confidential Information
Information" shall include all information or material that has been shared, communicated or
otherwise disclosed to the Recipient, in whichever format, in connection with the Request for
Proposal of Skills.move2.0.
2. . The Recipient’s obligations under this
Exclusions from Confidential Information
Agreement do not extend to information that is: (a) publicly known at the time of disclosure or
subsequently becomes publicly known through no fault of the Recipient; (b) discovered or
created by the Recipient before disclosure regarding the Meeting; (c) learned by the Recipient
through legitimate means other than from the Company or the Meeting; or (d) is disclosed by
Recipient with Company's prior written approval.
---
4. . The nondisclosure provisions of this Agreement shall survive the termination
Time Periods
of this Agreement and Recipient's duty to hold Confidential Information in confidence shall
remain in effect until the Confidential Information no longer qualifies as a secret or until
Company sends Recipient written notice releasing Recipient from this Agreement, whichever
occurs first.
5. . Nothing contained in this Agreement shall be deemed to constitute a
Relationships
partnership or joint venture of the other party for any purpose.
6. . If a court finds any provision of this Agreement invalid or unenforceable, the
Severability
remainder of this Agreement shall be interpreted so as best to affect the intent of the parties.
7. . This Agreement expresses the complete understanding of the parties with
Integration
respect to the subject matter. This Agreement may not be amended except in writing signed by
both parties.
8. . The failure to exercise any right provided in this Agreement shall not be a waiver of
Waiver
prior or subsequent rights.
---
NON
-DISCLOSURE AGREEMENT (NDA)

This Nondisclosure Agreement or ("Agreement") has been entered into on the date of [DATE]
and is by and between:

EIT Manufacturing, a French Association (Registration number W913012329, SIRET
88077857600012) with registered offices at Centre d’Intégration Nanoinnov, 2 Boulevard
Thomas Gobert, Palaiseau, France, hereafter as “the ”
Company
AND

……………………… (Registration number ……..……..….., VAT ……………………) with
registered offices at ……………………………………………………………………………….,
hereafter as “ ”
the Recipient

Both hereafter as the “ ” or individually the “ ”,
Parties Party
For the purpose of preventing the unauthorized disclosure of Confidential Information as defined
below, the parties agree to enter into the following agreement:'
2025-09-05 10:51:09,832 - FEEDBACK: message_id='ff47ed6b-2218-4004-b23d-a889b8ebfc38', type='negative', question='Who are the signees?', answer='Based on the extracted entities, the involved parties are:

* EIT Manufacturing
* the Recipient...', context=''
2025-09-05 14:12:46,732 - FEEDBACK: message_id='969ce739-fa71-4a05-a868-193b26ca9d72', type='negative', question='Who were the representatives that signed the contract?

Coleman Cable, Inc.', answer='Based on the extracted entities, the involved parties are:

* Technology Research Corporation
* Cole...', context=''
2025-09-06 12:14:06,405 - FEEDBACK: message_id='81694b99-e246-454d-b04d-d379c5c03ca9', type='negative', question='Do you know who signed it?', answer='Based on the extracted entities, the involved parties are:

* EIT Manufacturing
* the Recipient...', context=''
2025-09-06 12:14:07,494 - FEEDBACK: message_id='456a4b35-3afb-414e-90a7-31f6b36c23c1', type='positive', question='Can you tell me the name of the signees?', answer='**Direct Answer:** The contract does not specify the names of the signees. It only mentions that eac...', context='3. . Recipient shall hold and maintain the Confidential Information in
Obligations of Recipient
strictest confidence for the sole and exclusive benefit of the Company and the other entities
involved in the Meeting. Recipient shall not, without the prior written approval of Company, use
for Recipient's benefit, publish, copy, or otherwise disclose to others, or permit the use by others
for their benefit or to the detriment of Company or other entities involved in the Meeting, any
Confidential Information. Recipient shall destroy or return to Company any and all records,
notes, and other written, printed, or tangible materials in its possession pertaining to
Confidential Information immediately upon Company’s request.

Page 1 of 2
---
4. . The nondisclosure provisions of this Agreement shall survive the termination
Time Periods
of this Agreement and Recipient's duty to hold Confidential Information in confidence shall
remain in effect until the Confidential Information no longer qualifies as a secret or until
Company sends Recipient written notice releasing Recipient from this Agreement, whichever
occurs first.
5. . Nothing contained in this Agreement shall be deemed to constitute a
Relationships
partnership or joint venture of the other party for any purpose.
6. . If a court finds any provision of this Agreement invalid or unenforceable, the
Severability
remainder of this Agreement shall be interpreted so as best to affect the intent of the parties.
7. . This Agreement expresses the complete understanding of the parties with
Integration
respect to the subject matter. This Agreement may not be amended except in writing signed by
both parties.
8. . The failure to exercise any right provided in this Agreement shall not be a waiver of
Waiver
prior or subsequent rights.
---
NON
-DISCLOSURE AGREEMENT (NDA)

This Nondisclosure Agreement or ("Agreement") has been entered into on the date of [DATE]
and is by and between:

EIT Manufacturing, a French Association (Registration number W913012329, SIRET
88077857600012) with registered offices at Centre d’Intégration Nanoinnov, 2 Boulevard
Thomas Gobert, Palaiseau, France, hereafter as “the ”
Company
AND

……………………… (Registration number ……..……..….., VAT ……………………) with
registered offices at ……………………………………………………………………………….,
hereafter as “ ”
the Recipient

Both hereafter as the “ ” or individually the “ ”,
Parties Party
For the purpose of preventing the unauthorized disclosure of Confidential Information as defined
below, the parties agree to enter into the following agreement:
---
th
,
9. Without prejudice to point 4., this Agreement shall remain in effect until April 30
Duration.
2024.
Both
10. . This agreement shall be governed by French law.
Applicable law and Jurisdiction
Parties agree to first endeavor to settle amicably any dispute arising from the execution or
interpretation of this agreement, by involving their appropriate management functions. Any
disagreement or dispute which may arise in connection with this agreement and which the
Parties are unable to settle amicably will be brought before the courts of Paris, France.
This Agreement and each party's obligations shall be binding on the representatives, assigns
and successors of such party. Each party has signed this Agreement through its authorized
representative. This agreement may be signed by electronic means using electronic signature.
On behalf of the Company On behalf of the Recipient
Read and agreed, Read and agreed,

On [date] _________________, On _____________________,

in [place] ______________________ in [place] _________________

Signature: Signatures:







Page 2 of 2
---
1. . For purposes of this Agreement, "Confidential
Definition of Confidential Information
Information" shall include all information or material that has been shared, communicated or
otherwise disclosed to the Recipient, in whichever format, in connection with the Request for
Proposal of Skills.move2.0.
2. . The Recipient’s obligations under this
Exclusions from Confidential Information
Agreement do not extend to information that is: (a) publicly known at the time of disclosure or
subsequently becomes publicly known through no fault of the Recipient; (b) discovered or
created by the Recipient before disclosure regarding the Meeting; (c) learned by the Recipient
through legitimate means other than from the Company or the Meeting; or (d) is disclosed by
Recipient with Company's prior written approval.'
